<?xml version="1.0" encoding="UTF-8"?>
<!-- Generated by org.testng.reporters.JUnitXMLReporter -->
<testsuite hostname="rtiwari.local" ignored="0" name="Tests" tests="6" failures="6" timestamp="17 Apr 2020 18:23:26 GMT" time="103.951" errors="0">
  <testcase name="productSearch" time="10.163" classname="demo.tests.Tests">
    <failure type="org.openqa.selenium.NoSuchElementException" message="Can&amp;apos;t locate an element by this strategy: By.chained({By.id: search_widget_textbox})">
      <![CDATA[org.openqa.selenium.NoSuchElementException: Can't locate an element by this strategy: By.chained({By.id: search_widget_textbox})
at io.appium.java_client.pagefactory.AppiumElementLocator.findElement(AppiumElementLocator.java:126)
at io.appium.java_client.pagefactory.interceptors.InterceptorOfASingleElement.intercept(InterceptorOfASingleElement.java:60)
at io.appium.java_client.android.AndroidElement$$EnhancerByCGLIB$$b598166c.click(<generated>)
at demo.pages.ProductSearch.searchProduct(ProductSearch.java:40)
at demo.tests.Tests.productSearch(Tests.java:24)
Caused by: org.openqa.selenium.TimeoutException: Expected condition failed: waiting for io.appium.java_client.pagefactory.AppiumElementLocator$WaitingFunction@29876704 (tried for 10 second(s) with 500 milliseconds interval)
at org.openqa.selenium.support.ui.FluentWait.timeoutException(FluentWait.java:303)
at org.openqa.selenium.support.ui.FluentWait.until(FluentWait.java:271)
at io.appium.java_client.pagefactory.AppiumElementLocator.waitFor(AppiumElementLocator.java:99)
at io.appium.java_client.pagefactory.AppiumElementLocator.findElement(AppiumElementLocator.java:119)
... 29 more
Caused by: org.openqa.selenium.NoSuchElementException: Cannot locate an element using By.chained({By.id: search_widget_textbox})
For documentation on this error, please visit: http://seleniumhq.org/exceptions/no_such_element.html
Build info: version: '3.12.0', revision: '7c6e0b3', time: '2018-05-08T14:04:26.12Z'
System info: host: 'rtiwari.local', ip: 'fe80:0:0:0:1890:b33a:4791:300%en0', os.name: 'Mac OS X', os.arch: 'x86_64', os.version: '10.15.3', java.version: '1.8.0_152'
Driver info: driver.version: AndroidDriver
at io.appium.java_client.pagefactory.bys.builder.ByChained.findElement(ByChained.java:74)
at org.openqa.selenium.remote.RemoteWebDriver.findElement(RemoteWebDriver.java:309)
at io.appium.java_client.DefaultGenericMobileDriver.findElement(DefaultGenericMobileDriver.java:58)
at io.appium.java_client.AppiumDriver.findElement(AppiumDriver.java:1)
at io.appium.java_client.android.AndroidDriver.findElement(AndroidDriver.java:1)
at io.appium.java_client.pagefactory.bys.ContentMappedBy.findElement(ContentMappedBy.java:50)
at org.openqa.selenium.remote.RemoteWebDriver.findElement(RemoteWebDriver.java:309)
at io.appium.java_client.DefaultGenericMobileDriver.findElement(DefaultGenericMobileDriver.java:58)
at io.appium.java_client.AppiumDriver.findElement(AppiumDriver.java:1)
at io.appium.java_client.android.AndroidDriver.findElement(AndroidDriver.java:1)
at io.appium.java_client.pagefactory.AppiumElementLocator.lambda$0(AppiumElementLocator.java:120)
at io.appium.java_client.pagefactory.AppiumElementLocator$WaitingFunction.apply(AppiumElementLocator.java:172)
at io.appium.java_client.pagefactory.AppiumElementLocator$WaitingFunction.apply(AppiumElementLocator.java:1)
at org.openqa.selenium.support.ui.FluentWait.until(FluentWait.java:248)
... 31 more
... Removed 25 stack frames]]>
    </failure>
  </testcase> <!-- productSearch -->
  <testcase name="productAddToCart" time="10.468" classname="demo.tests.Tests">
    <failure type="java.lang.NullPointerException">
      <![CDATA[java.lang.NullPointerException
at demo.tests.Tests.productAddToCart(Tests.java:29)
... Removed 25 stack frames]]>
    </failure>
  </testcase> <!-- productAddToCart -->
  <testcase name="verifyProductNameInCart" time="12.9" classname="demo.tests.Tests">
    <failure type="java.lang.NullPointerException">
      <![CDATA[java.lang.NullPointerException
at demo.tests.Tests.verifyProductNameInCart(Tests.java:37)
... Removed 25 stack frames]]>
    </failure>
  </testcase> <!-- verifyProductNameInCart -->
  <testcase name="verifyProductSizeInCart" time="11.03" classname="demo.tests.Tests">
    <failure type="java.lang.NullPointerException">
      <![CDATA[java.lang.NullPointerException
at demo.tests.Tests.verifyProductSizeInCart(Tests.java:43)
... Removed 25 stack frames]]>
    </failure>
  </testcase> <!-- verifyProductSizeInCart -->
  <testcase name="verifyProductPriceInCart" time="13.492" classname="demo.tests.Tests">
    <failure type="java.lang.NullPointerException">
      <![CDATA[java.lang.NullPointerException
at demo.tests.Tests.verifyProductPriceInCart(Tests.java:49)
... Removed 25 stack frames]]>
    </failure>
  </testcase> <!-- verifyProductPriceInCart -->
  <testcase name="removeProductFromCart" time="10.57" classname="demo.tests.Tests">
    <failure type="java.lang.NullPointerException">
      <![CDATA[java.lang.NullPointerException
at demo.tests.Tests.removeProductFromCart(Tests.java:54)
... Removed 25 stack frames]]>
    </failure>
  </testcase> <!-- removeProductFromCart -->
</testsuite> <!-- Tests -->
